#
# There is insufficient memory for the Java Runtime Environment to continue.
# Native memory allocation (malloc) failed to allocate 778256 bytes for Chunk::new
# Possible reasons:
#   The system is out of physical RAM or swap space
#   The process is running with CompressedOops enabled, and the Java Heap may be blocking the growth of the native heap
# Possible solutions:
#   Reduce memory load on the system
#   Increase physical memory or swap space
#   Check if swap backing store is full
#   Decrease Java heap size (-Xmx/-Xms)
#   Decrease number of Java threads
#   Decrease Java thread stack sizes (-Xss)
#   Set larger code cache with -XX:ReservedCodeCacheSize=
#   JVM is running with Unscaled Compressed Oops mode in which the Java heap is
#     placed in the first 4GB address space. The Java Heap base address is the
#     maximum limit for the native heap growth. Please use -XX:HeapBaseMinAddress
#     to set the Java Heap base and to place the Java Heap above 4GB virtual address.
# This output file may be truncated or incomplete.
#
#  Out of Memory Error (./src/hotspot/share/memory/arena.cpp:197), pid=17544, tid=12524
#
# JRE version: OpenJDK Runtime Environment (11.0.10) (build 11.0.10+0-b96-7249189)
# Java VM: OpenJDK 64-Bit Server VM (11.0.10+0-b96-7249189, mixed mode, tiered, compressed oops, g1 gc, windows-amd64)
# No core dump will be written. Minidumps are not enabled by default on client versions of Windows
#

---------------  S U M M A R Y ------------

Command Line: --add-opens=java.base/java.util=ALL-UNNAMED --add-opens=java.base/java.lang=ALL-UNNAMED --add-opens=java.base/java.lang.invoke=ALL-UNNAMED --add-opens=java.prefs/java.util.prefs=ALL-UNNAMED -Xmx2048m -Dfile.encoding=UTF-8 -Duser.country=PT -Duser.language=pt -Duser.variant org.gradle.launcher.daemon.bootstrap.GradleDaemon 6.5

Host: Intel(R) Core(TM) i7-6700HQ CPU @ 2.60GHz, 8 cores, 15G,  Windows 10 , 64 bit Build 19041 (10.0.19041.1202)
Time: Wed Oct 13 23:25:30 2021 Hora de Verão de GMT elapsed time: 7.171967 seconds (0d 0h 0m 7s)

---------------  T H R E A D  ---------------

Current thread (0x000001dfc73ad800):  JavaThread "C2 CompilerThread0" daemon [_thread_in_native, id=12524, stack(0x0000001a43900000,0x0000001a43a00000)]


Current CompileTask:
C2:   7172 3673       4       java.lang.invoke.MethodType::makeImpl (108 bytes)

Stack: [0x0000001a43900000,0x0000001a43a00000]
Native frames: (J=compiled Java code, j=interpreted, Vv=VM code, C=native code)
V  [jvm.dll+0x5ecfaa]
V  [jvm.dll+0x722bd5]
V  [jvm.dll+0x72412d]
V  [jvm.dll+0x7247e3]
V  [jvm.dll+0x242928]
V  [jvm.dll+0xbc4fc]
V  [jvm.dll+0xbca0c]
V  [jvm.dll+0x2b4fd4]
V  [jvm.dll+0x506028]
V  [jvm.dll+0x1fcdfd]
V  [jvm.dll+0x1fa77f]
V  [jvm.dll+0x18354c]
V  [jvm.dll+0x208ee7]
V  [jvm.dll+0x207731]
V  [jvm.dll+0x6eb1cf]
V  [jvm.dll+0x6e3d45]
V  [jvm.dll+0x5ebe96]
C  [ucrtbase.dll+0x21bb2]
C  [KERNEL32.DLL+0x17034]
C  [ntdll.dll+0x52651]


---------------  P R O C E S S  ---------------

Threads class SMR info:
_java_thread_list=0x000001dfcb8e6130, length=28, elements={
0x000001dfac65e000, 0x000001dfc7341000, 0x000001dfc734a800, 0x000001dfc73a4000,
0x000001dfc73a6000, 0x000001dfc73aa000, 0x000001dfc73ad800, 0x000001dfc73b3800,
0x000001dfc73bd000, 0x000001dfc751d000, 0x000001dfc86de800, 0x000001dfc8d73000,
0x000001dfc887e000, 0x000001dfc8695000, 0x000001dfc7df6800, 0x000001dfc85a3000,
0x000001dfc92bf000, 0x000001dfc92e2800, 0x000001dfc8fe2800, 0x000001dfc8fe3000,
0x000001dfc8fe4000, 0x000001dfc8fe5000, 0x000001dfc8f38000, 0x000001dfc8f3b000,
0x000001dfc8f3c000, 0x000001dfc8f3d000, 0x000001dfc8f41000, 0x000001dfc9426000
}

Java Threads: ( => current thread )
  0x000001dfac65e000 JavaThread "main" [_thread_blocked, id=12336, stack(0x0000001a42d00000,0x0000001a42e00000)]
  0x000001dfc7341000 JavaThread "Reference Handler" daemon [_thread_blocked, id=5872, stack(0x0000001a43400000,0x0000001a43500000)]
  0x000001dfc734a800 JavaThread "Finalizer" daemon [_thread_blocked, id=20052, stack(0x0000001a43500000,0x0000001a43600000)]
  0x000001dfc73a4000 JavaThread "Signal Dispatcher" daemon [_thread_blocked, id=10612, stack(0x0000001a43600000,0x0000001a43700000)]
  0x000001dfc73a6000 JavaThread "Attach Listener" daemon [_thread_blocked, id=6820, stack(0x0000001a43700000,0x0000001a43800000)]
  0x000001dfc73aa000 JavaThread "Service Thread" daemon [_thread_blocked, id=5388, stack(0x0000001a43800000,0x0000001a43900000)]
=>0x000001dfc73ad800 JavaThread "C2 CompilerThread0" daemon [_thread_in_native, id=12524, stack(0x0000001a43900000,0x0000001a43a00000)]
  0x000001dfc73b3800 JavaThread "C1 CompilerThread0" daemon [_thread_blocked, id=15860, stack(0x0000001a43a00000,0x0000001a43b00000)]
  0x000001dfc73bd000 JavaThread "Sweeper thread" daemon [_thread_blocked, id=7600, stack(0x0000001a43b00000,0x0000001a43c00000)]
  0x000001dfc751d000 JavaThread "Common-Cleaner" daemon [_thread_blocked, id=19608, stack(0x0000001a43c00000,0x0000001a43d00000)]
  0x000001dfc86de800 JavaThread "Daemon health stats" [_thread_blocked, id=6888, stack(0x0000001a44400000,0x0000001a44500000)]
  0x000001dfc8d73000 JavaThread "Incoming local TCP Connector on port 56699" [_thread_in_native, id=19044, stack(0x0000001a44600000,0x0000001a44700000)]
  0x000001dfc887e000 JavaThread "Daemon periodic checks" [_thread_blocked, id=1256, stack(0x0000001a44700000,0x0000001a44800000)]
  0x000001dfc8695000 JavaThread "Daemon" [_thread_blocked, id=20660, stack(0x0000001a44800000,0x0000001a44900000)]
  0x000001dfc7df6800 JavaThread "Handler for socket connection from /127.0.0.1:56699 to /127.0.0.1:56700" [_thread_in_native, id=18648, stack(0x0000001a44900000,0x0000001a44a00000)]
  0x000001dfc85a3000 JavaThread "Cancel handler" [_thread_blocked, id=12984, stack(0x0000001a44b00000,0x0000001a44c00000)]
  0x000001dfc92bf000 JavaThread "Daemon worker" [_thread_blocked, id=20472, stack(0x0000001a44c00000,0x0000001a44d00000)]
  0x000001dfc92e2800 JavaThread "Asynchronous log dispatcher for DefaultDaemonConnection: socket connection from /127.0.0.1:56699 to /127.0.0.1:56700" [_thread_blocked, id=17788, stack(0x0000001a44d00000,0x0000001a44e00000)]
  0x000001dfc8fe2800 JavaThread "Stdin handler" [_thread_blocked, id=13140, stack(0x0000001a44e00000,0x0000001a44f00000)]
  0x000001dfc8fe3000 JavaThread "Thread-8" [_thread_blocked, id=15172, stack(0x0000001a44f00000,0x0000001a45000000)]
  0x000001dfc8fe4000 JavaThread "Cache worker for journal cache (C:\Users\vasco\.gradle\caches\journal-1)" [_thread_blocked, id=14860, stack(0x0000001a45000000,0x0000001a45100000)]
  0x000001dfc8fe5000 JavaThread "File lock request listener" [_thread_in_native, id=6460, stack(0x0000001a45100000,0x0000001a45200000)]
  0x000001dfc8f38000 JavaThread "Cache worker for file hash cache (C:\Users\vasco\.gradle\caches\6.5\fileHashes)" [_thread_blocked, id=11036, stack(0x0000001a45200000,0x0000001a45300000)]
  0x000001dfc8f3b000 JavaThread "Cache worker for execution history cache (C:\Users\vasco\.gradle\caches\6.5\executionHistory)" [_thread_blocked, id=16324, stack(0x0000001a45b00000,0x0000001a45c00000)]
  0x000001dfc8f3c000 JavaThread "jar transforms" [_thread_blocked, id=15992, stack(0x0000001a45c00000,0x0000001a45d00000)]
  0x000001dfc8f3d000 JavaThread "Cache worker for file content cache (C:\Users\vasco\.gradle\caches\6.5\fileContent)" [_thread_blocked, id=14708, stack(0x0000001a45d00000,0x0000001a45e00000)]
  0x000001dfc8f41000 JavaThread "C2 CompilerThread1" daemon [_thread_blocked, id=13104, stack(0x0000001a44a00000,0x0000001a44b00000)]
  0x000001dfc9426000 JavaThread "C2 CompilerThread2" daemon [_thread_in_native, id=19796, stack(0x0000001a45a00000,0x0000001a45b00000)]

Other Threads:
  0x000001dfc733f000 VMThread "VM Thread" [stack: 0x0000001a43300000,0x0000001a43400000] [id=16736]
  0x000001dfc758e800 WatcherThread [stack: 0x0000001a43d00000,0x0000001a43e00000] [id=14724]
  0x000001dfac677000 GCTaskThread "GC Thread#0" [stack: 0x0000001a42e00000,0x0000001a42f00000] [id=11444]
  0x000001dfc8096000 GCTaskThread "GC Thread#1" [stack: 0x0000001a43f00000,0x0000001a44000000] [id=11688]
  0x000001dfc8008800 GCTaskThread "GC Thread#2" [stack: 0x0000001a44000000,0x0000001a44100000] [id=9804]
  0x000001dfc8193800 GCTaskThread "GC Thread#3" [stack: 0x0000001a44100000,0x0000001a44200000] [id=4172]
  0x000001dfc8194000 GCTaskThread "GC Thread#4" [stack: 0x0000001a44200000,0x0000001a44300000] [id=10424]
  0x000001dfc7e49800 GCTaskThread "GC Thread#5" [stack: 0x0000001a44300000,0x0000001a44400000] [id=17692]
  0x000001dfc96f7000 GCTaskThread "GC Thread#6" [stack: 0x0000001a45300000,0x0000001a45400000] [id=14480]
  0x000001dfc95d9800 GCTaskThread "GC Thread#7" [stack: 0x0000001a45400000,0x0000001a45500000] [id=9960]
  0x000001dfac6a9000 ConcurrentGCThread "G1 Main Marker" [stack: 0x0000001a42f00000,0x0000001a43000000] [id=19188]
  0x000001dfac6ab800 ConcurrentGCThread "G1 Conc#0" [stack: 0x0000001a43000000,0x0000001a43100000] [id=21264]
  0x000001dfc9428800 ConcurrentGCThread "G1 Conc#1" [stack: 0x0000001a45500000,0x0000001a45600000] [id=20240]
  0x000001dfc6988800 ConcurrentGCThread "G1 Refine#0" [stack: 0x0000001a43100000,0x0000001a43200000] [id=11236]
  0x000001dfc6989800 ConcurrentGCThread "G1 Young RemSet Sampling" [stack: 0x0000001a43200000,0x0000001a43300000] [id=10852]

Threads with active compile tasks:
C2 CompilerThread0   7206 3673       4       java.lang.invoke.MethodType::makeImpl (108 bytes)
C2 CompilerThread2   7206 3674       4       java.lang.invoke.MethodType$ConcurrentWeakInternSet::get (54 bytes)

VM state:not at safepoint (normal execution)

VM Mutex/Monitor currently owned by a thread: None

OutOfMemory and StackOverflow Exception counts:
OutOfMemoryError java_heap_errors=1
LinkageErrors=76

Heap address: 0x0000000080000000, size: 2048 MB, Compressed Oops mode: 32-bit
Narrow klass base: 0x0000000000000000, Narrow klass shift: 3
Compressed class space size: 1073741824 Address: 0x0000000100000000

Heap:
 garbage-first heap   total 262144K, used 115873K [0x0000000080000000, 0x0000000100000000)
  region size 1024K, 98 young (100352K), 6 survivors (6144K)
 Metaspace       used 43370K, capacity 44394K, committed 44496K, reserved 1089536K
  class space    used 5583K, capacity 5959K, committed 6016K, reserved 1048576K
Heap Regions: E=young(eden), S=young(survivor), O=old, HS=humongous(starts), HC=humongous(continues), CS=collection set, F=free, A=archive, TAMS=top-at-mark-start (previous, next)
|   0|0x0000000080000000, 0x0000000080100000, 0x0000000080100000|100%| O|  |TAMS 0x0000000080100000, 0x0000000080000000| Untracked 
|   1|0x0000000080100000, 0x0000000080200000, 0x0000000080200000|100%| O|  |TAMS 0x0000000080200000, 0x0000000080100000| Untracked 
|   2|0x0000000080200000, 0x0000000080300000, 0x0000000080300000|100%| O|  |TAMS 0x0000000080300000, 0x0000000080200000| Untracked 
|   3|0x0000000080300000, 0x0000000080400000, 0x0000000080400000|100%|HS|  |TAMS 0x0000000080400000, 0x0000000080300000| Complete 
|   4|0x0000000080400000, 0x0000000080500000, 0x0000000080500000|100%|HC|  |TAMS 0x0000000080500000, 0x0000000080400000| Complete 
|   5|0x0000000080500000, 0x0000000080600000, 0x0000000080600000|100%|HC|  |TAMS 0x0000000080600000, 0x0000000080500000| Complete 
|   6|0x0000000080600000, 0x0000000080700000, 0x0000000080700000|100%| O|  |TAMS 0x0000000080700000, 0x0000000080600000| Untracked 
|   7|0x0000000080700000, 0x0000000080800000, 0x0000000080800000|100%| O|  |TAMS 0x0000000080800000, 0x0000000080700000| Untracked 
|   8|0x0000000080800000, 0x0000000080900000, 0x0000000080900000|100%| O|  |TAMS 0x0000000080900000, 0x0000000080800000| Untracked 
|   9|0x0000000080900000, 0x0000000080a00000, 0x0000000080a00000|100%| O|  |TAMS 0x0000000080a00000, 0x0000000080900000| Untracked 
|  10|0x0000000080a00000, 0x0000000080b00000, 0x0000000080b00000|100%| O|  |TAMS 0x0000000080b00000, 0x0000000080a00000| Untracked 
|  11|0x0000000080b00000, 0x0000000080c00000, 0x0000000080c00000|100%| O|  |TAMS 0x0000000080c00000, 0x0000000080b00000| Untracked 
|  12|0x0000000080c00000, 0x0000000080d00000, 0x0000000080d00000|100%| O|  |TAMS 0x0000000080d00000, 0x0000000080c00000| Untracked 
|  13|0x0000000080d00000, 0x0000000080e00000, 0x0000000080e00000|100%| O|  |TAMS 0x0000000080e00000, 0x0000000080d00000| Untracked 
|  14|0x0000000080e00000, 0x0000000080ee7e00, 0x0000000080f00000| 90%| O|  |TAMS 0x0000000080ee7e00, 0x0000000080e00000| Untracked 
|  15|0x0000000080f00000, 0x0000000081000000, 0x0000000081000000|100%|HS|  |TAMS 0x0000000080f00000, 0x0000000080f00000| Complete 
|  16|0x0000000081000000, 0x0000000081100000, 0x0000000081100000|100%|HS|  |TAMS 0x0000000081000000, 0x0000000081000000| Complete 
|  17|0x0000000081100000, 0x0000000081200000, 0x0000000081200000|100%|HC|  |TAMS 0x0000000081100000, 0x0000000081100000| Complete 
|  18|0x0000000081200000, 0x0000000081200000, 0x0000000081300000|  0%| F|  |TAMS 0x0000000081200000, 0x0000000081200000| Untracked 
|  19|0x0000000081300000, 0x0000000081300000, 0x0000000081400000|  0%| F|  |TAMS 0x0000000081300000, 0x0000000081300000| Untracked 
|  20|0x0000000081400000, 0x0000000081400000, 0x0000000081500000|  0%| F|  |TAMS 0x0000000081400000, 0x0000000081400000| Untracked 
|  21|0x0000000081500000, 0x0000000081500000, 0x0000000081600000|  0%| F|  |TAMS 0x0000000081500000, 0x0000000081500000| Untracked 
|  22|0x0000000081600000, 0x0000000081600000, 0x0000000081700000|  0%| F|  |TAMS 0x0000000081600000, 0x0000000081600000| Untracked 
|  23|0x0000000081700000, 0x0000000081700000, 0x0000000081800000|  0%| F|  |TAMS 0x0000000081700000, 0x0000000081700000| Untracked 
|  24|0x0000000081800000, 0x0000000081800000, 0x0000000081900000|  0%| F|  |TAMS 0x0000000081800000, 0x0000000081800000| Untracked 
|  25|0x0000000081900000, 0x0000000081900000, 0x0000000081a00000|  0%| F|  |TAMS 0x0000000081900000, 0x0000000081900000| Untracked 
|  26|0x0000000081a00000, 0x0000000081a00000, 0x0000000081b00000|  0%| F|  |TAMS 0x0000000081a00000, 0x0000000081a00000| Untracked 
|  27|0x0000000081b00000, 0x0000000081b00000, 0x0000000081c00000|  0%| F|  |TAMS 0x0000000081b00000, 0x0000000081b00000| Untracked 
|  28|0x0000000081c00000, 0x0000000081c00000, 0x0000000081d00000|  0%| F|  |TAMS 0x0000000081c00000, 0x0000000081c00000| Untracked 
|  29|0x0000000081d00000, 0x0000000081d00000, 0x0000000081e00000|  0%| F|  |TAMS 0x0000000081d00000, 0x0000000081d00000| Untracked 
|  30|0x0000000081e00000, 0x0000000081e00000, 0x0000000081f00000|  0%| F|  |TAMS 0x0000000081e00000, 0x0000000081e00000| Untracked 
|  31|0x0000000081f00000, 0x0000000081f00000, 0x0000000082000000|  0%| F|  |TAMS 0x0000000081f00000, 0x0000000081f00000| Untracked 
|  32|0x0000000082000000, 0x0000000082000000, 0x0000000082100000|  0%| F|  |TAMS 0x0000000082000000, 0x0000000082000000| Untracked 
|  33|0x0000000082100000, 0x0000000082100000, 0x0000000082200000|  0%| F|  |TAMS 0x0000000082100000, 0x0000000082100000| Untracked 
|  34|0x0000000082200000, 0x0000000082200000, 0x0000000082300000|  0%| F|  |TAMS 0x0000000082200000, 0x0000000082200000| Untracked 
|  35|0x0000000082300000, 0x0000000082300000, 0x0000000082400000|  0%| F|  |TAMS 0x0000000082300000, 0x0000000082300000| Untracked 
|  36|0x0000000082400000, 0x0000000082400000, 0x0000000082500000|  0%| F|  |TAMS 0x0000000082400000, 0x0000000082400000| Untracked 
|  37|0x0000000082500000, 0x0000000082500000, 0x0000000082600000|  0%| F|  |TAMS 0x0000000082500000, 0x0000000082500000| Untracked 
|  38|0x0000000082600000, 0x0000000082600000, 0x0000000082700000|  0%| F|  |TAMS 0x0000000082600000, 0x0000000082600000| Untracked 
|  39|0x0000000082700000, 0x0000000082700000, 0x0000000082800000|  0%| F|  |TAMS 0x0000000082700000, 0x0000000082700000| Untracked 
|  40|0x0000000082800000, 0x0000000082800000, 0x0000000082900000|  0%| F|  |TAMS 0x0000000082800000, 0x0000000082800000| Untracked 
|  41|0x0000000082900000, 0x0000000082900000, 0x0000000082a00000|  0%| F|  |TAMS 0x0000000082900000, 0x0000000082900000| Untracked 
|  42|0x0000000082a00000, 0x0000000082a00000, 0x0000000082b00000|  0%| F|  |TAMS 0x0000000082a00000, 0x0000000082a00000| Untracked 
|  43|0x0000000082b00000, 0x0000000082b00000, 0x0000000082c00000|  0%| F|  |TAMS 0x0000000082b00000, 0x0000000082b00000| Untracked 
|  44|0x0000000082c00000, 0x0000000082c00000, 0x0000000082d00000|  0%| F|  |TAMS 0x0000000082c00000, 0x0000000082c00000| Untracked 
|  45|0x0000000082d00000, 0x0000000082d00000, 0x0000000082e00000|  0%| F|  |TAMS 0x0000000082d00000, 0x0000000082d00000| Untracked 
|  46|0x0000000082e00000, 0x0000000082e00000, 0x0000000082f00000|  0%| F|  |TAMS 0x0000000082e00000, 0x0000000082e00000| Untracked 
|  47|0x0000000082f00000, 0x0000000082f00000, 0x0000000083000000|  0%| F|  |TAMS 0x0000000082f00000, 0x0000000082f00000| Untracked 
|  48|0x0000000083000000, 0x0000000083000000, 0x0000000083100000|  0%| F|  |TAMS 0x0000000083000000, 0x0000000083000000| Untracked 
|  49|0x0000000083100000, 0x0000000083100000, 0x0000000083200000|  0%| F|  |TAMS 0x0000000083100000, 0x0000000083100000| Untracked 
|  50|0x0000000083200000, 0x0000000083200000, 0x0000000083300000|  0%| F|  |TAMS 0x0000000083200000, 0x0000000083200000| Untracked 
|  51|0x0000000083300000, 0x0000000083300000, 0x0000000083400000|  0%| F|  |TAMS 0x0000000083300000, 0x0000000083300000| Untracked 
|  52|0x0000000083400000, 0x0000000083400000, 0x0000000083500000|  0%| F|  |TAMS 0x0000000083400000, 0x0000000083400000| Untracked 
|  53|0x0000000083500000, 0x0000000083500000, 0x0000000083600000|  0%| F|  |TAMS 0x0000000083500000, 0x0000000083500000| Untracked 
|  54|0x0000000083600000, 0x0000000083600000, 0x0000000083700000|  0%| F|  |TAMS 0x0000000083600000, 0x0000000083600000| Untracked 
|  55|0x0000000083700000, 0x0000000083700000, 0x0000000083800000|  0%| F|  |TAMS 0x0000000083700000, 0x0000000083700000| Untracked 
|  56|0x0000000083800000, 0x0000000083800000, 0x0000000083900000|  0%| F|  |TAMS 0x0000000083800000, 0x0000000083800000| Untracked 
|  57|0x0000000083900000, 0x0000000083900000, 0x0000000083a00000|  0%| F|  |TAMS 0x0000000083900000, 0x0000000083900000| Untracked 
|  58|0x0000000083a00000, 0x0000000083a00000, 0x0000000083b00000|  0%| F|  |TAMS 0x0000000083a00000, 0x0000000083a00000| Untracked 
|  59|0x0000000083b00000, 0x0000000083b00000, 0x0000000083c00000|  0%| F|  |TAMS 0x0000000083b00000, 0x0000000083b00000| Untracked 
|  60|0x0000000083c00000, 0x0000000083c00000, 0x0000000083d00000|  0%| F|  |TAMS 0x0000000083c00000, 0x0000000083c00000| Untracked 
|  61|0x0000000083d00000, 0x0000000083d00000, 0x0000000083e00000|  0%| F|  |TAMS 0x0000000083d00000, 0x0000000083d00000| Untracked 
|  62|0x0000000083e00000, 0x0000000083e00000, 0x0000000083f00000|  0%| F|  |TAMS 0x0000000083e00000, 0x0000000083e00000| Untracked 
|  63|0x0000000083f00000, 0x0000000083f00000, 0x0000000084000000|  0%| F|  |TAMS 0x0000000083f00000, 0x0000000083f00000| Untracked 
|  64|0x0000000084000000, 0x0000000084000000, 0x0000000084100000|  0%| F|  |TAMS 0x0000000084000000, 0x0000000084000000| Untracked 
|  65|0x0000000084100000, 0x0000000084100000, 0x0000000084200000|  0%| F|  |TAMS 0x0000000084100000, 0x0000000084100000| Untracked 
|  66|0x0000000084200000, 0x0000000084200000, 0x0000000084300000|  0%| F|  |TAMS 0x0000000084200000, 0x0000000084200000| Untracked 
|  67|0x0000000084300000, 0x0000000084300000, 0x0000000084400000|  0%| F|  |TAMS 0x0000000084300000, 0x0000000084300000| Untracked 
|  68|0x0000000084400000, 0x0000000084400000, 0x0000000084500000|  0%| F|  |TAMS 0x0000000084400000, 0x0000000084400000| Untracked 
|  69|0x0000000084500000, 0x0000000084500000, 0x0000000084600000|  0%| F|  |TAMS 0x0000000084500000, 0x0000000084500000| Untracked 
|  70|0x0000000084600000, 0x0000000084600000, 0x0000000084700000|  0%| F|  |TAMS 0x0000000084600000, 0x0000000084600000| Untracked 
|  71|0x0000000084700000, 0x0000000084700000, 0x0000000084800000|  0%| F|  |TAMS 0x0000000084700000, 0x0000000084700000| Untracked 
|  72|0x0000000084800000, 0x0000000084800000, 0x0000000084900000|  0%| F|  |TAMS 0x0000000084800000, 0x0000000084800000| Untracked 
|  73|0x0000000084900000, 0x0000000084900000, 0x0000000084a00000|  0%| F|  |TAMS 0x0000000084900000, 0x0000000084900000| Untracked 
|  74|0x0000000084a00000, 0x0000000084a00000, 0x0000000084b00000|  0%| F|  |TAMS 0x0000000084a00000, 0x0000000084a00000| Untracked 
|  75|0x0000000084b00000, 0x0000000084b00000, 0x0000000084c00000|  0%| F|  |TAMS 0x0000000084b00000, 0x0000000084b00000| Untracked 
|  76|0x0000000084c00000, 0x0000000084c00000, 0x0000000084d00000|  0%| F|  |TAMS 0x0000000084c00000, 0x0000000084c00000| Untracked 
|  77|0x0000000084d00000, 0x0000000084d00000, 0x0000000084e00000|  0%| F|  |TAMS 0x0000000084d00000, 0x0000000084d00000| Untracked 
|  78|0x0000000084e00000, 0x0000000084e00000, 0x0000000084f00000|  0%| F|  |TAMS 0x0000000084e00000, 0x0000000084e00000| Untracked 
|  79|0x0000000084f00000, 0x0000000084f00000, 0x0000000085000000|  0%| F|  |TAMS 0x0000000084f00000, 0x0000000084f00000| Untracked 
|  80|0x0000000085000000, 0x0000000085000000, 0x0000000085100000|  0%| F|  |TAMS 0x0000000085000000, 0x0000000085000000| Untracked 
|  81|0x0000000085100000, 0x0000000085100000, 0x0000000085200000|  0%| F|  |TAMS 0x0000000085100000, 0x0000000085100000| Untracked 
|  82|0x0000000085200000, 0x0000000085200000, 0x0000000085300000|  0%| F|  |TAMS 0x0000000085200000, 0x0000000085200000| Untracked 
|  83|0x0000000085300000, 0x0000000085300000, 0x0000000085400000|  0%| F|  |TAMS 0x0000000085300000, 0x0000000085300000| Untracked 
|  84|0x0000000085400000, 0x0000000085400000, 0x0000000085500000|  0%| F|  |TAMS 0x0000000085400000, 0x0000000085400000| Untracked 
|  85|0x0000000085500000, 0x0000000085500000, 0x0000000085600000|  0%| F|  |TAMS 0x0000000085500000, 0x0000000085500000| Untracked 
|  86|0x0000000085600000, 0x0000000085600000, 0x0000000085700000|  0%| F|  |TAMS 0x0000000085600000, 0x0000000085600000| Untracked 
|  87|0x0000000085700000, 0x0000000085700000, 0x0000000085800000|  0%| F|  |TAMS 0x0000000085700000, 0x0000000085700000| Untracked 
|  88|0x0000000085800000, 0x0000000085800000, 0x0000000085900000|  0%| F|  |TAMS 0x0000000085800000, 0x0000000085800000| Untracked 
|  89|0x0000000085900000, 0x0000000085900000, 0x0000000085a00000|  0%| F|  |TAMS 0x0000000085900000, 0x0000000085900000| Untracked 
|  90|0x0000000085a00000, 0x0000000085a00000, 0x0000000085b00000|  0%| F|  |TAMS 0x0000000085a00000, 0x0000000085a00000| Untracked 
|  91|0x0000000085b00000, 0x0000000085b00000, 0x0000000085c00000|  0%| F|  |TAMS 0x0000000085b00000, 0x0000000085b00000| Untracked 
|  92|0x0000000085c00000, 0x0000000085c00000, 0x0000000085d00000|  0%| F|  |TAMS 0x0000000085c00000, 0x0000000085c00000| Untracked 
|  93|0x0000000085d00000, 0x0000000085d00000, 0x0000000085e00000|  0%| F|  |TAMS 0x0000000085d00000, 0x0000000085d00000| Untracked 
|  94|0x0000000085e00000, 0x0000000085e00000, 0x0000000085f00000|  0%| F|  |TAMS 0x0000000085e00000, 0x0000000085e00000| Untracked 
|  95|0x0000000085f00000, 0x0000000085f00000, 0x0000000086000000|  0%| F|  |TAMS 0x0000000085f00000, 0x0000000085f00000| Untracked 
|  96|0x0000000086000000, 0x0000000086000000, 0x0000000086100000|  0%| F|  |TAMS 0x0000000086000000, 0x0000000086000000| Untracked 
|  97|0x0000000086100000, 0x0000000086100000, 0x0000000086200000|  0%| F|  |TAMS 0x0000000086100000, 0x0000000086100000| Untracked 
|  98|0x0000000086200000, 0x0000000086200000, 0x0000000086300000|  0%| F|  |TAMS 0x0000000086200000, 0x0000000086200000| Untracked 
|  99|0x0000000086300000, 0x0000000086300000, 0x0000000086400000|  0%| F|  |TAMS 0x0000000086300000, 0x0000000086300000| Untracked 
| 100|0x0000000086400000, 0x0000000086400000, 0x0000000086500000|  0%| F|  |TAMS 0x0000000086400000, 0x0000000086400000| Untracked 
| 101|0x0000000086500000, 0x0000000086500000, 0x0000000086600000|  0%| F|  |TAMS 0x0000000086500000, 0x0000000086500000| Untracked 
| 102|0x0000000086600000, 0x0000000086600000, 0x0000000086700000|  0%| F|  |TAMS 0x0000000086600000, 0x0000000086600000| Untracked 
| 103|0x0000000086700000, 0x0000000086700000, 0x0000000086800000|  0%| F|  |TAMS 0x0000000086700000, 0x0000000086700000| Untracked 
| 104|0x0000000086800000, 0x0000000086800000, 0x0000000086900000|  0%| F|  |TAMS 0x0000000086800000, 0x0000000086800000| Untracked 
| 105|0x0000000086900000, 0x0000000086900000, 0x0000000086a00000|  0%| F|  |TAMS 0x0000000086900000, 0x0000000086900000| Untracked 
| 106|0x0000000086a00000, 0x0000000086a00000, 0x0000000086b00000|  0%| F|  |TAMS 0x0000000086a00000, 0x0000000086a00000| Untracked 
| 107|0x0000000086b00000, 0x0000000086b00000, 0x0000000086c00000|  0%| F|  |TAMS 0x0000000086b00000, 0x0000000086b00000| Untracked 
| 108|0x0000000086c00000, 0x0000000086c00000, 0x0000000086d00000|  0%| F|  |TAMS 0x0000000086c00000, 0x0000000086c00000| Untracked 
| 109|0x0000000086d00000, 0x0000000086d00000, 0x0000000086e00000|  0%| F|  |TAMS 0x0000000086d00000, 0x0000000086d00000| Untracked 
| 110|0x0000000086e00000, 0x0000000086e00000, 0x0000000086f00000|  0%| F|  |TAMS 0x0000000086e00000, 0x0000000086e00000| Untracked 
| 111|0x0000000086f00000, 0x0000000086f00000, 0x0000000087000000|  0%| F|  |TAMS 0x0000000086f00000, 0x0000000086f00000| Untracked 
| 112|0x0000000087000000, 0x0000000087000000, 0x0000000087100000|  0%| F|  |TAMS 0x0000000087000000, 0x0000000087000000| Untracked 
| 113|0x0000000087100000, 0x0000000087100000, 0x0000000087200000|  0%| F|  |TAMS 0x0000000087100000, 0x0000000087100000| Untracked 
| 114|0x0000000087200000, 0x0000000087200000, 0x0000000087300000|  0%| F|  |TAMS 0x0000000087200000, 0x0000000087200000| Untracked 
| 115|0x0000000087300000, 0x0000000087300000, 0x0000000087400000|  0%| F|  |TAMS 0x0000000087300000, 0x0000000087300000| Untracked 
| 116|0x0000000087400000, 0x0000000087400000, 0x0000000087500000|  0%| F|  |TAMS 0x0000000087400000, 0x0000000087400000| Untracked 
| 117|0x0000000087500000, 0x0000000087500000, 0x0000000087600000|  0%| F|  |TAMS 0x0000000087500000, 0x0000000087500000| Untracked 
| 118|0x0000000087600000, 0x0000000087600000, 0x0000000087700000|  0%| F|  |TAMS 0x0000000087600000, 0x0000000087600000| Untracked 
| 119|0x0000000087700000, 0x0000000087700000, 0x0000000087800000|  0%| F|  |TAMS 0x0000000087700000, 0x0000000087700000| Untracked 
| 120|0x0000000087800000, 0x0000000087800000, 0x0000000087900000|  0%| F|  |TAMS 0x0000000087800000, 0x0000000087800000| Untracked 
| 121|0x0000000087900000, 0x0000000087900000, 0x0000000087a00000|  0%| F|  |TAMS 0x0000000087900000, 0x0000000087900000| Untracked 
| 122|0x0000000087a00000, 0x0000000087a00000, 0x0000000087b00000|  0%| F|  |TAMS 0x0000000087a00000, 0x0000000087a00000| Untracked 
| 123|0x0000000087b00000, 0x0000000087b00000, 0x0000000087c00000|  0%| F|  |TAMS 0x0000000087b00000, 0x0000000087b00000| Untracked 
| 124|0x0000000087c00000, 0x0000000087c00000, 0x0000000087d00000|  0%| F|  |TAMS 0x0000000087c00000, 0x0000000087c00000| Untracked 
| 125|0x0000000087d00000, 0x0000000087d00000, 0x0000000087e00000|  0%| F|  |TAMS 0x0000000087d00000, 0x0000000087d00000| Untracked 
| 126|0x0000000087e00000, 0x0000000087e00000, 0x0000000087f00000|  0%| F|  |TAMS 0x0000000087e00000, 0x0000000087e00000| Untracked 
| 127|0x0000000087f00000, 0x0000000087f00000, 0x0000000088000000|  0%| F|  |TAMS 0x0000000087f00000, 0x0000000087f00000| Untracked 
| 128|0x0000000088000000, 0x0000000088000000, 0x0000000088100000|  0%| F|  |TAMS 0x0000000088000000, 0x0000000088000000| Untracked 
| 129|0x0000000088100000, 0x0000000088100000, 0x0000000088200000|  0%| F|  |TAMS 0x0000000088100000, 0x0000000088100000| Untracked 
| 130|0x0000000088200000, 0x0000000088200000, 0x0000000088300000|  0%| F|  |TAMS 0x0000000088200000, 0x0000000088200000| Untracked 
| 131|0x0000000088300000, 0x0000000088300000, 0x0000000088400000|  0%| F|  |TAMS 0x0000000088300000, 0x0000000088300000| Untracked 
| 132|0x0000000088400000, 0x0000000088400000, 0x0000000088500000|  0%| F|  |TAMS 0x0000000088400000, 0x0000000088400000| Untracked 
| 133|0x0000000088500000, 0x0000000088500000, 0x0000000088600000|  0%| F|  |TAMS 0x0000000088500000, 0x0000000088500000| Untracked 
| 134|0x0000000088600000, 0x0000000088600000, 0x0000000088700000|  0%| F|  |TAMS 0x0000000088600000, 0x0000000088600000| Untracked 
| 135|0x0000000088700000, 0x0000000088700000, 0x0000000088800000|  0%| F|  |TAMS 0x0000000088700000, 0x0000000088700000| Untracked 
| 136|0x0000000088800000, 0x0000000088800000, 0x0000000088900000|  0%| F|  |TAMS 0x0000000088800000, 0x0000000088800000| Untracked 
| 137|0x0000000088900000, 0x0000000088900000, 0x0000000088a00000|  0%| F|  |TAMS 0x0000000088900000, 0x0000000088900000| Untracked 
| 138|0x0000000088a00000, 0x0000000088a00000, 0x0000000088b00000|  0%| F|  |TAMS 0x0000000088a00000, 0x0000000088a00000| Untracked 
| 139|0x0000000088b00000, 0x0000000088b00000, 0x0000000088c00000|  0%| F|  |TAMS 0x0000000088b00000, 0x0000000088b00000| Untracked 
| 140|0x0000000088c00000, 0x0000000088c00000, 0x0000000088d00000|  0%| F|  |TAMS 0x0000000088c00000, 0x0000000088c00000| Untracked 
| 141|0x0000000088d00000, 0x0000000088d00000, 0x0000000088e00000|  0%| F|  |TAMS 0x0000000088d00000, 0x0000000088d00000| Untracked 
| 142|0x0000000088e00000, 0x0000000088e00000, 0x0000000088f00000|  0%| F|  |TAMS 0x0000000088e00000, 0x0000000088e00000| Untracked 
| 143|0x0000000088f00000, 0x0000000088f00000, 0x0000000089000000|  0%| F|  |TAMS 0x0000000088f00000, 0x0000000088f00000| Untracked 
| 144|0x0000000089000000, 0x0000000089000000, 0x0000000089100000|  0%| F|  |TAMS 0x0000000089000000, 0x0000000089000000| Untracked 
| 145|0x0000000089100000, 0x0000000089100000, 0x0000000089200000|  0%| F|  |TAMS 0x0000000089100000, 0x0000000089100000| Untracked 
| 146|0x0000000089200000, 0x0000000089200000, 0x0000000089300000|  0%| F|  |TAMS 0x0000000089200000, 0x0000000089200000| Untracked 
| 147|0x0000000089300000, 0x0000000089300000, 0x0000000089400000|  0%| F|  |TAMS 0x0000000089300000, 0x0000000089300000| Untracked 
| 148|0x0000000089400000, 0x0000000089400000, 0x0000000089500000|  0%| F|  |TAMS 0x0000000089400000, 0x0000000089400000| Untracked 
| 149|0x0000000089500000, 0x0000000089500000, 0x0000000089600000|  0%| F|  |TAMS 0x0000000089500000, 0x0000000089500000| Untracked 
| 150|0x0000000089600000, 0x0000000089600000, 0x0000000089700000|  0%| F|  |TAMS 0x0000000089600000, 0x0000000089600000| Untracked 
| 151|0x0000000089700000, 0x0000000089700000, 0x0000000089800000|  0%| F|  |TAMS 0x0000000089700000, 0x0000000089700000| Untracked 
| 152|0x0000000089800000, 0x0000000089800000, 0x0000000089900000|  0%| F|  |TAMS 0x0000000089800000, 0x0000000089800000| Untracked 
| 153|0x0000000089900000, 0x0000000089900000, 0x0000000089a00000|  0%| F|  |TAMS 0x0000000089900000, 0x0000000089900000| Untracked 
| 154|0x0000000089a00000, 0x0000000089a00000, 0x0000000089b00000|  0%| F|  |TAMS 0x0000000089a00000, 0x0000000089a00000| Untracked 
| 155|0x0000000089b00000, 0x0000000089b00000, 0x0000000089c00000|  0%| F|  |TAMS 0x0000000089b00000, 0x0000000089b00000| Untracked 
| 156|0x0000000089c00000, 0x0000000089c00000, 0x0000000089d00000|  0%| F|  |TAMS 0x0000000089c00000, 0x0000000089c00000| Untracked 
| 157|0x0000000089d00000, 0x0000000089d00000, 0x0000000089e00000|  0%| F|  |TAMS 0x0000000089d00000, 0x0000000089d00000| Untracked 
| 158|0x0000000089e00000, 0x0000000089eab9a0, 0x0000000089f00000| 67%| E|  |TAMS 0x0000000089e00000, 0x0000000089e00000| Complete 
| 159|0x0000000089f00000, 0x000000008a000000, 0x000000008a000000|100%| E|CS|TAMS 0x0000000089f00000, 0x0000000089f00000| Complete 
| 160|0x000000008a000000, 0x000000008a100000, 0x000000008a100000|100%| E|CS|TAMS 0x000000008a000000, 0x000000008a000000| Complete 
| 161|0x000000008a100000, 0x000000008a200000, 0x000000008a200000|100%| E|CS|TAMS 0x000000008a100000, 0x000000008a100000| Complete 
| 162|0x000000008a200000, 0x000000008a300000, 0x000000008a300000|100%| E|CS|TAMS 0x000000008a200000, 0x000000008a200000| Complete 
| 163|0x000000008a300000, 0x000000008a400000, 0x000000008a400000|100%| E|CS|TAMS 0x000000008a300000, 0x000000008a300000| Complete 
| 164|0x000000008a400000, 0x000000008a500000, 0x000000008a500000|100%| E|CS|TAMS 0x000000008a400000, 0x000000008a400000| Complete 
| 165|0x000000008a500000, 0x000000008a600000, 0x000000008a600000|100%| E|CS|TAMS 0x000000008a500000, 0x000000008a500000| Complete 
| 166|0x000000008a600000, 0x000000008a700000, 0x000000008a700000|100%| E|CS|TAMS 0x000000008a600000, 0x000000008a600000| Complete 
| 167|0x000000008a700000, 0x000000008a800000, 0x000000008a800000|100%| E|CS|TAMS 0x000000008a700000, 0x000000008a700000| Complete 
| 168|0x000000008a800000, 0x000000008a900000, 0x000000008a900000|100%| E|CS|TAMS 0x000000008a800000, 0x000000008a800000| Complete 
| 169|0x000000008a900000, 0x000000008aa00000, 0x000000008aa00000|100%| E|CS|TAMS 0x000000008a900000, 0x000000008a900000| Complete 
| 170|0x000000008aa00000, 0x000000008ab00000, 0x000000008ab00000|100%| E|CS|TAMS 0x000000008aa00000, 0x000000008aa00000| Complete 
| 171|0x000000008ab00000, 0x000000008ac00000, 0x000000008ac00000|100%| E|CS|TAMS 0x000000008ab00000, 0x000000008ab00000| Complete 
| 172|0x000000008ac00000, 0x000000008ad00000, 0x000000008ad00000|100%| E|CS|TAMS 0x000000008ac00000, 0x000000008ac00000| Complete 
| 173|0x000000008ad00000, 0x000000008ae00000, 0x000000008ae00000|100%| E|CS|TAMS 0x000000008ad00000, 0x000000008ad00000| Complete 
| 174|0x000000008ae00000, 0x000000008af00000, 0x000000008af00000|100%| E|CS|TAMS 0x000000008ae00000, 0x000000008ae00000| Complete 
| 175|0x000000008af00000, 0x000000008b000000, 0x000000008b000000|100%| E|CS|TAMS 0x000000008af00000, 0x000000008af00000| Complete 
| 176|0x000000008b000000, 0x000000008b100000, 0x000000008b100000|100%| E|CS|TAMS 0x000000008b000000, 0x000000008b000000| Complete 
| 177|0x000000008b100000, 0x000000008b200000, 0x000000008b200000|100%| E|CS|TAMS 0x000000008b100000, 0x000000008b100000| Complete 
| 178|0x000000008b200000, 0x000000008b300000, 0x000000008b300000|100%| E|CS|TAMS 0x000000008b200000, 0x000000008b200000| Complete 
| 179|0x000000008b300000, 0x000000008b400000, 0x000000008b400000|100%| E|CS|TAMS 0x000000008b300000, 0x000000008b300000| Complete 
| 180|0x000000008b400000, 0x000000008b500000, 0x000000008b500000|100%| E|CS|TAMS 0x000000008b400000, 0x000000008b400000| Complete 
| 181|0x000000008b500000, 0x000000008b600000, 0x000000008b600000|100%| E|CS|TAMS 0x000000008b500000, 0x000000008b500000| Complete 
| 182|0x000000008b600000, 0x000000008b700000, 0x000000008b700000|100%| E|CS|TAMS 0x000000008b600000, 0x000000008b600000| Complete 
| 183|0x000000008b700000, 0x000000008b800000, 0x000000008b800000|100%| E|CS|TAMS 0x000000008b700000, 0x000000008b700000| Complete 
| 184|0x000000008b800000, 0x000000008b900000, 0x000000008b900000|100%| E|CS|TAMS 0x000000008b800000, 0x000000008b800000| Complete 
| 185|0x000000008b900000, 0x000000008ba00000, 0x000000008ba00000|100%| E|CS|TAMS 0x000000008b900000, 0x000000008b900000| Complete 
| 186|0x000000008ba00000, 0x000000008bb00000, 0x000000008bb00000|100%| E|CS|TAMS 0x000000008ba00000, 0x000000008ba00000| Complete 
| 187|0x000000008bb00000, 0x000000008bc00000, 0x000000008bc00000|100%| E|CS|TAMS 0x000000008bb00000, 0x000000008bb00000| Complete 
| 188|0x000000008bc00000, 0x000000008bd00000, 0x000000008bd00000|100%| E|CS|TAMS 0x000000008bc00000, 0x000000008bc00000| Complete 
| 189|0x000000008bd00000, 0x000000008be00000, 0x000000008be00000|100%| E|CS|TAMS 0x000000008bd00000, 0x000000008bd00000| Complete 
| 190|0x000000008be00000, 0x000000008bf00000, 0x000000008bf00000|100%| E|CS|TAMS 0x000000008be00000, 0x000000008be00000| Complete 
| 191|0x000000008bf00000, 0x000000008c000000, 0x000000008c000000|100%| E|CS|TAMS 0x000000008bf00000, 0x000000008bf00000| Complete 
| 192|0x000000008c000000, 0x000000008c100000, 0x000000008c100000|100%| E|CS|TAMS 0x000000008c000000, 0x000000008c000000| Complete 
| 193|0x000000008c100000, 0x000000008c200000, 0x000000008c200000|100%| E|CS|TAMS 0x000000008c100000, 0x000000008c100000| Complete 
| 194|0x000000008c200000, 0x000000008c300000, 0x000000008c300000|100%| E|CS|TAMS 0x000000008c200000, 0x000000008c200000| Complete 
| 195|0x000000008c300000, 0x000000008c400000, 0x000000008c400000|100%| E|CS|TAMS 0x000000008c300000, 0x000000008c300000| Complete 
| 196|0x000000008c400000, 0x000000008c500000, 0x000000008c500000|100%| E|CS|TAMS 0x000000008c400000, 0x000000008c400000| Complete 
| 197|0x000000008c500000, 0x000000008c600000, 0x000000008c600000|100%| E|CS|TAMS 0x000000008c500000, 0x000000008c500000| Complete 
| 198|0x000000008c600000, 0x000000008c700000, 0x000000008c700000|100%| E|CS|TAMS 0x000000008c600000, 0x000000008c600000| Complete 
| 199|0x000000008c700000, 0x000000008c800000, 0x000000008c800000|100%| E|CS|TAMS 0x000000008c700000, 0x000000008c700000| Complete 
| 200|0x000000008c800000, 0x000000008c900000, 0x000000008c900000|100%| E|CS|TAMS 0x000000008c800000, 0x000000008c800000| Complete 
| 201|0x000000008c900000, 0x000000008ca00000, 0x000000008ca00000|100%| E|CS|TAMS 0x000000008c900000, 0x000000008c900000| Complete 
| 202|0x000000008ca00000, 0x000000008cb00000, 0x000000008cb00000|100%| E|CS|TAMS 0x000000008ca00000, 0x000000008ca00000| Complete 
| 203|0x000000008cb00000, 0x000000008cc00000, 0x000000008cc00000|100%| E|CS|TAMS 0x000000008cb00000, 0x000000008cb00000| Complete 
| 204|0x000000008cc00000, 0x000000008cd00000, 0x000000008cd00000|100%| E|CS|TAMS 0x000000008cc00000, 0x000000008cc00000| Complete 
| 205|0x000000008cd00000, 0x000000008ce00000, 0x000000008ce00000|100%| E|CS|TAMS 0x000000008cd00000, 0x000000008cd00000| Complete 
| 206|0x000000008ce00000, 0x000000008cf00000, 0x000000008cf00000|100%| E|CS|TAMS 0x000000008ce00000, 0x000000008ce00000| Complete 
| 207|0x000000008cf00000, 0x000000008d000000, 0x000000008d000000|100%| E|CS|TAMS 0x000000008cf00000, 0x000000008cf00000| Complete 
| 208|0x000000008d000000, 0x000000008d100000, 0x000000008d100000|100%| E|CS|TAMS 0x000000008d000000, 0x000000008d000000| Complete 
| 209|0x000000008d100000, 0x000000008d1406a0, 0x000000008d200000| 25%| S|CS|TAMS 0x000000008d100000, 0x000000008d100000| Complete 
| 210|0x000000008d200000, 0x000000008d300000, 0x000000008d300000|100%| S|CS|TAMS 0x000000008d200000, 0x000000008d200000| Complete 
| 211|0x000000008d300000, 0x000000008d400000, 0x000000008d400000|100%| S|CS|TAMS 0x000000008d300000, 0x000000008d300000| Complete 
| 212|0x000000008d400000, 0x000000008d500000, 0x000000008d500000|100%| S|CS|TAMS 0x000000008d400000, 0x000000008d400000| Complete 
| 213|0x000000008d500000, 0x000000008d600000, 0x000000008d600000|100%| S|CS|TAMS 0x000000008d500000, 0x000000008d500000| Complete 
| 214|0x000000008d600000, 0x000000008d700000, 0x000000008d700000|100%| S|CS|TAMS 0x000000008d600000, 0x000000008d600000| Complete 
| 215|0x000000008d700000, 0x000000008d800000, 0x000000008d800000|100%| E|CS|TAMS 0x000000008d700000, 0x000000008d700000| Complete 
| 216|0x000000008d800000, 0x000000008d900000, 0x000000008d900000|100%| E|CS|TAMS 0x000000008d800000, 0x000000008d800000| Complete 
| 217|0x000000008d900000, 0x000000008da00000, 0x000000008da00000|100%| E|CS|TAMS 0x000000008d900000, 0x000000008d900000| Complete 
| 218|0x000000008da00000, 0x000000008db00000, 0x000000008db00000|100%| E|CS|TAMS 0x000000008da00000, 0x000000008da00000| Complete 
| 219|0x000000008db00000, 0x000000008dc00000, 0x000000008dc00000|100%| E|CS|TAMS 0x000000008db00000, 0x000000008db00000| Complete 
| 220|0x000000008dc00000, 0x000000008dd00000, 0x000000008dd00000|100%| E|CS|TAMS 0x000000008dc00000, 0x000000008dc00000| Complete 
| 221|0x000000008dd00000, 0x000000008de00000, 0x000000008de00000|100%| E|CS|TAMS 0x000000008dd00000, 0x000000008dd00000| Complete 
| 222|0x000000008de00000, 0x000000008df00000, 0x000000008df00000|100%| E|CS|TAMS 0x000000008de00000, 0x000000008de00000| Complete 
| 223|0x000000008df00000, 0x000000008e000000, 0x000000008e000000|100%| E|CS|TAMS 0x000000008df00000, 0x000000008df00000| Complete 
| 224|0x000000008e000000, 0x000000008e100000, 0x000000008e100000|100%| E|CS|TAMS 0x000000008e000000, 0x000000008e000000| Complete 
| 225|0x000000008e100000, 0x000000008e200000, 0x000000008e200000|100%| E|CS|TAMS 0x000000008e100000, 0x000000008e100000| Complete 
| 226|0x000000008e200000, 0x000000008e300000, 0x000000008e300000|100%| E|CS|TAMS 0x000000008e200000, 0x000000008e200000| Complete 
| 227|0x000000008e300000, 0x000000008e400000, 0x000000008e400000|100%| E|CS|TAMS 0x000000008e300000, 0x000000008e300000| Complete 
| 228|0x000000008e400000, 0x000000008e500000, 0x000000008e500000|100%| E|CS|TAMS 0x000000008e400000, 0x000000008e400000| Complete 
| 229|0x000000008e500000, 0x000000008e600000, 0x000000008e600000|100%| E|CS|TAMS 0x000000008e500000, 0x000000008e500000| Complete 
| 230|0x000000008e600000, 0x000000008e700000, 0x000000008e700000|100%| E|CS|TAMS 0x000000008e600000, 0x000000008e600000| Complete 
| 231|0x000000008e700000, 0x000000008e800000, 0x000000008e800000|100%| E|CS|TAMS 0x000000008e700000, 0x000000008e700000| Complete 
| 232|0x000000008e800000, 0x000000008e900000, 0x000000008e900000|100%| E|CS|TAMS 0x000000008e800000, 0x000000008e800000| Complete 
| 233|0x000000008e900000, 0x000000008ea00000, 0x000000008ea00000|100%| E|CS|TAMS 0x000000008e900000, 0x000000008e900000| Complete 
| 234|0x000000008ea00000, 0x000000008eb00000, 0x000000008eb00000|100%| E|CS|TAMS 0x000000008ea00000, 0x000000008ea00000| Complete 
| 235|0x000000008eb00000, 0x000000008ec00000, 0x000000008ec00000|100%| E|CS|TAMS 0x000000008eb00000, 0x000000008eb00000| Complete 
| 236|0x000000008ec00000, 0x000000008ed00000, 0x000000008ed00000|100%| E|CS|TAMS 0x000000008ec00000, 0x000000008ec00000| Complete 
| 237|0x000000008ed00000, 0x000000008ee00000, 0x000000008ee00000|100%| E|CS|TAMS 0x000000008ed00000, 0x000000008ed00000| Complete 
| 238|0x000000008ee00000, 0x000000008ef00000, 0x000000008ef00000|100%| E|CS|TAMS 0x000000008ee00000, 0x000000008ee00000| Complete 
| 239|0x000000008ef00000, 0x000000008f000000, 0x000000008f000000|100%| E|CS|TAMS 0x000000008ef00000, 0x000000008ef00000| Complete 
| 240|0x000000008f000000, 0x000000008f100000, 0x000000008f100000|100%| E|CS|TAMS 0x000000008f000000, 0x000000008f000000| Complete 
| 241|0x000000008f100000, 0x000000008f200000, 0x000000008f200000|100%| E|CS|TAMS 0x000000008f100000, 0x000000008f100000| Complete 
| 242|0x000000008f200000, 0x000000008f300000, 0x000000008f300000|100%| E|CS|TAMS 0x000000008f200000, 0x000000008f200000| Complete 
| 243|0x000000008f300000, 0x000000008f400000, 0x000000008f400000|100%| E|CS|TAMS 0x000000008f300000, 0x000000008f300000| Complete 
| 244|0x000000008f400000, 0x000000008f500000, 0x000000008f500000|100%| E|CS|TAMS 0x000000008f400000, 0x000000008f400000| Complete 
| 245|0x000000008f500000, 0x000000008f600000, 0x000000008f600000|100%| E|CS|TAMS 0x000000008f500000, 0x000000008f500000| Complete 
| 246|0x000000008f600000, 0x000000008f700000, 0x000000008f700000|100%| E|CS|TAMS 0x000000008f600000, 0x000000008f600000| Complete 
| 247|0x000000008f700000, 0x000000008f800000, 0x000000008f800000|100%| E|CS|TAMS 0x000000008f700000, 0x000000008f700000| Complete 
| 248|0x000000008f800000, 0x000000008f900000, 0x000000008f900000|100%| E|  |TAMS 0x000000008f800000, 0x000000008f800000| Complete 
| 249|0x000000008f900000, 0x000000008fa00000, 0x000000008fa00000|100%| E|CS|TAMS 0x000000008f900000, 0x000000008f900000| Complete 
| 250|0x000000008fa00000, 0x000000008fb00000, 0x000000008fb00000|100%| E|CS|TAMS 0x000000008fa00000, 0x000000008fa00000| Complete 
| 251|0x000000008fb00000, 0x000000008fc00000, 0x000000008fc00000|100%| E|CS|TAMS 0x000000008fb00000, 0x000000008fb00000| Complete 
| 252|0x000000008fc00000, 0x000000008fd00000, 0x000000008fd00000|100%| E|CS|TAMS 0x000000008fc00000, 0x000000008fc00000| Complete 
| 253|0x000000008fd00000, 0x000000008fe00000, 0x000000008fe00000|100%| E|CS|TAMS 0x000000008fd00000, 0x000000008fd00000| Complete 
| 254|0x000000008fe00000, 0x000000008ff00000, 0x000000008ff00000|100%| E|CS|TAMS 0x000000008fe00000, 0x000000008fe00000| Complete 
| 255|0x000000008ff00000, 0x0000000090000000, 0x0000000090000000|100%| E|CS|TAMS 0x000000008ff00000, 0x000000008ff00000| Complete 

Card table byte_map: [0x000001dfbf870000,0x000001dfbfc70000] _byte_map_base: 0x000001dfbf470000

Marking Bits (Prev, Next): (CMBitMap*) 0x000001dfac6a0558, (CMBitMap*) 0x000001dfac6a0590
 Prev Bits: [0x000001dfc0070000, 0x000001dfc2070000)
 Next Bits: [0x000001dfc2070000, 0x000001dfc4070000)

Polling page: 0x000001dfaa610000

Metaspace:

Usage:
  Non-class:     37.53 MB capacity,    36.92 MB ( 98%) used,   536.14 KB (  1%) free+waste,    91.81 KB ( <1%) overhead. 
      Class:      5.82 MB capacity,     5.46 MB ( 94%) used,   328.10 KB (  6%) free+waste,    44.38 KB ( <1%) overhead. 
       Both:     43.35 MB capacity,    42.38 MB ( 98%) used,   864.24 KB (  2%) free+waste,   136.19 KB ( <1%) overhead. 

Virtual space:
  Non-class space:       40.00 MB reserved,      37.58 MB ( 94%) committed 
      Class space:        1.00 GB reserved,       5.88 MB ( <1%) committed 
             Both:        1.04 GB reserved,      43.45 MB (  4%) committed 

Chunk freelists:
   Non-Class:  45.00 KB
       Class:  25.00 KB
        Both:  70.00 KB

MaxMetaspaceSize: 17179869184.00 GB
CompressedClassSpaceSize: 1.00 GB

CodeHeap 'non-profiled nmethods': size=120000Kb used=2021Kb max_used=2021Kb free=117978Kb
 bounds [0x000001dfb7c10000, 0x000001dfb7e80000, 0x000001dfbf140000]
CodeHeap 'profiled nmethods': size=120000Kb used=7571Kb max_used=7571Kb free=112428Kb
 bounds [0x000001dfb06e0000, 0x000001dfb0e50000, 0x000001dfb7c10000]
CodeHeap 'non-nmethods': size=5760Kb used=2198Kb max_used=2229Kb free=3561Kb
 bounds [0x000001dfb0140000, 0x000001dfb03b0000, 0x000001dfb06e0000]
 total_blobs=4511 nmethods=3754 adapters=667
 compilation: enabled
              stopped_count=0, restarted_count=0
 full_count=0

Compilation events (20 events):
Event: 7.168 Thread 0x000001dfc73b3800 nmethod 3739 0x000001dfb0e35410 code [0x000001dfb0e35640, 0x000001dfb0e35db8]
Event: 7.168 Thread 0x000001dfc73b3800 3730       3       java.io.ObjectOutputStream$BlockDataOutputStream::writeInt (46 bytes)
Event: 7.168 Thread 0x000001dfc73b3800 nmethod 3730 0x000001dfb0e36090 code [0x000001dfb0e36260, 0x000001dfb0e36458]
Event: 7.168 Thread 0x000001dfc73b3800 3738       3       java.io.ObjectOutputStream::writeHandle (21 bytes)
Event: 7.168 Thread 0x000001dfc73b3800 nmethod 3738 0x000001dfb0e36590 code [0x000001dfb0e36760, 0x000001dfb0e369d8]
Event: 7.168 Thread 0x000001dfc73b3800 3735       3       org.gradle.internal.io.StreamByteBuffer$StreamByteBufferChunk::write (25 bytes)
Event: 7.168 Thread 0x000001dfc73b3800 nmethod 3735 0x000001dfb0e36b90 code [0x000001dfb0e36d40, 0x000001dfb0e36f28]
Event: 7.168 Thread 0x000001dfc73b3800 3736       3       java.io.ObjectStreamClass$WeakClassKey::<init> (15 bytes)
Event: 7.169 Thread 0x000001dfc73b3800 nmethod 3736 0x000001dfb0e37010 code [0x000001dfb0e371e0, 0x000001dfb0e37548]
Event: 7.169 Thread 0x000001dfc73b3800 3729       3       java.io.ObjectOutputStream$HandleTable::assign (52 bytes)
Event: 7.169 Thread 0x000001dfc73b3800 nmethod 3729 0x000001dfb0e37690 code [0x000001dfb0e37860, 0x000001dfb0e37aa8]
Event: 7.169 Thread 0x000001dfc73b3800 3737       3       java.io.ObjectStreamClass$WeakClassKey::equals (42 bytes)
Event: 7.170 Thread 0x000001dfc73b3800 nmethod 3737 0x000001dfb0e37b90 code [0x000001dfb0e37d60, 0x000001dfb0e382d8]
Event: 7.170 Thread 0x000001dfc73b3800 3731       3       org.gradle.internal.serialize.ExceptionReplacingObjectOutputStream::replaceObject (11 bytes)
Event: 7.170 Thread 0x000001dfc73b3800 nmethod 3731 0x000001dfb0e38390 code [0x000001dfb0e38540, 0x000001dfb0e38788]
Event: 7.170 Thread 0x000001dfc73b3800 3723       1       java.io.ObjectStreamClass::getPrimDataSize (5 bytes)
Event: 7.170 Thread 0x000001dfc73b3800 nmethod 3723 0x000001dfb7e07290 code [0x000001dfb7e07440, 0x000001dfb7e074f8]
Event: 7.170 Thread 0x000001dfc73b3800 3724       1       java.io.ObjectStreamClass::getNumObjFields (5 bytes)
Event: 7.170 Thread 0x000001dfc73b3800 nmethod 3724 0x000001dfb7e07590 code [0x000001dfb7e07740, 0x000001dfb7e077f8]
Event: 7.170 Thread 0x000001dfc73b3800 3741       3       java.io.ObjectOutputStream$BlockDataOutputStream::drain (45 bytes)

GC Heap History (8 events):
Event: 1.179 GC heap before
{Heap before GC invocations=0 (full 0):
 garbage-first heap   total 262144K, used 29696K [0x0000000080000000, 0x0000000100000000)
  region size 1024K, 24 young (24576K), 0 survivors (0K)
 Metaspace       used 10816K, capacity 11129K, committed 11264K, reserved 1058816K
  class space    used 1145K, capacity 1203K, committed 1280K, reserved 1048576K
}
Event: 1.184 GC heap after
{Heap after GC invocations=1 (full 0):
 garbage-first heap   total 262144K, used 8527K [0x0000000080000000, 0x0000000100000000)
  region size 1024K, 3 young (3072K), 3 survivors (3072K)
 Metaspace       used 10816K, capacity 11129K, committed 11264K, reserved 1058816K
  class space    used 1145K, capacity 1203K, committed 1280K, reserved 1048576K
}
Event: 3.360 GC heap before
{Heap before GC invocations=1 (full 0):
 garbage-first heap   total 262144K, used 87375K [0x0000000080000000, 0x0000000100000000)
  region size 1024K, 81 young (82944K), 3 survivors (3072K)
 Metaspace       used 20651K, capacity 21164K, committed 21296K, reserved 1069056K
  class space    used 2430K, capacity 2607K, committed 2688K, reserved 1048576K
}
Event: 3.370 GC heap after
{Heap after GC invocations=2 (full 0):
 garbage-first heap   total 262144K, used 15866K [0x0000000080000000, 0x0000000100000000)
  region size 1024K, 11 young (11264K), 11 survivors (11264K)
 Metaspace       used 20651K, capacity 21164K, committed 21296K, reserved 1069056K
  class space    used 2430K, capacity 2607K, committed 2688K, reserved 1048576K
}
Event: 4.233 GC heap before
{Heap before GC invocations=3 (full 0):
 garbage-first heap   total 262144K, used 71162K [0x0000000080000000, 0x0000000100000000)
  region size 1024K, 65 young (66560K), 11 survivors (11264K)
 Metaspace       used 26861K, capacity 27517K, committed 27696K, reserved 1073152K
  class space    used 3454K, capacity 3645K, committed 3712K, reserved 1048576K
}
Event: 4.241 GC heap after
{Heap after GC invocations=4 (full 0):
 garbage-first heap   total 262144K, used 17804K [0x0000000080000000, 0x0000000100000000)
  region size 1024K, 3 young (3072K), 3 survivors (3072K)
 Metaspace       used 26861K, capacity 27517K, committed 27696K, reserved 1073152K
  class space    used 3454K, capacity 3645K, committed 3712K, reserved 1048576K
}
Event: 5.081 GC heap before
{Heap before GC invocations=4 (full 0):
 garbage-first heap   total 262144K, used 58764K [0x0000000080000000, 0x0000000100000000)
  region size 1024K, 44 young (45056K), 3 survivors (3072K)
 Metaspace       used 35086K, capacity 35739K, committed 35920K, reserved 1081344K
  class space    used 4487K, capacity 4747K, committed 4864K, reserved 1048576K
}
Event: 5.091 GC heap after
{Heap after GC invocations=5 (full 0):
 garbage-first heap   total 262144K, used 20641K [0x0000000080000000, 0x0000000100000000)
  region size 1024K, 6 young (6144K), 6 survivors (6144K)
 Metaspace       used 35086K, capacity 35739K, committed 35920K, reserved 1081344K
  class space    used 4487K, capacity 4747K, committed 4864K, reserved 1048576K
}

Deoptimization events (20 events):
Event: 7.137 Thread 0x000001dfc92bf000 Uncommon trap: trap_request=0xffffffde fr.pc=0x000001dfb7cb5774 relative=0x0000000000000d94
Event: 7.137 Thread 0x000001dfc92bf000 Uncommon trap: reason=class_check action=maybe_recompile pc=0x000001dfb7cb5774 method=org.gradle.internal.logging.text.AbstractLineChoppingStyledTextOutput$StateContext.flushLineText()V @ 110 c2
Event: 7.137 Thread 0x000001dfc92bf000 DEOPT PACKING pc=0x000001dfb7cb5774 sp=0x0000001a44cfcca0
Event: 7.137 Thread 0x000001dfc92bf000 DEOPT UNPACKING pc=0x000001dfb01678af sp=0x0000001a44cfcc08 mode 2
Event: 7.153 Thread 0x000001dfc92bf000 Uncommon trap: trap_request=0xffffffde fr.pc=0x000001dfb7c300e4 relative=0x00000000000001c4
Event: 7.153 Thread 0x000001dfc92bf000 Uncommon trap: reason=class_check action=maybe_recompile pc=0x000001dfb7c300e4 method=java.lang.String.equals(Ljava/lang/Object;)Z @ 8 c2
Event: 7.153 Thread 0x000001dfc92bf000 DEOPT PACKING pc=0x000001dfb7c300e4 sp=0x0000001a44cfc000
Event: 7.153 Thread 0x000001dfc92bf000 DEOPT UNPACKING pc=0x000001dfb01678af sp=0x0000001a44cfbfa8 mode 2
Event: 7.153 Thread 0x000001dfc92bf000 Uncommon trap: trap_request=0xffffffde fr.pc=0x000001dfb7c300e4 relative=0x00000000000001c4
Event: 7.153 Thread 0x000001dfc92bf000 Uncommon trap: reason=class_check action=maybe_recompile pc=0x000001dfb7c300e4 method=java.lang.String.equals(Ljava/lang/Object;)Z @ 8 c2
Event: 7.153 Thread 0x000001dfc92bf000 DEOPT PACKING pc=0x000001dfb7c300e4 sp=0x0000001a44cfc000
Event: 7.153 Thread 0x000001dfc92bf000 DEOPT UNPACKING pc=0x000001dfb01678af sp=0x0000001a44cfbfa8 mode 2
Event: 7.153 Thread 0x000001dfc92bf000 Uncommon trap: trap_request=0xffffffde fr.pc=0x000001dfb7c300e4 relative=0x00000000000001c4
Event: 7.153 Thread 0x000001dfc92bf000 Uncommon trap: reason=class_check action=maybe_recompile pc=0x000001dfb7c300e4 method=java.lang.String.equals(Ljava/lang/Object;)Z @ 8 c2
Event: 7.153 Thread 0x000001dfc92bf000 DEOPT PACKING pc=0x000001dfb7c300e4 sp=0x0000001a44cfc000
Event: 7.153 Thread 0x000001dfc92bf000 DEOPT UNPACKING pc=0x000001dfb01678af sp=0x0000001a44cfbfa8 mode 2
Event: 7.153 Thread 0x000001dfc92bf000 Uncommon trap: trap_request=0xffffffde fr.pc=0x000001dfb7c300e4 relative=0x00000000000001c4
Event: 7.153 Thread 0x000001dfc92bf000 Uncommon trap: reason=class_check action=maybe_recompile pc=0x000001dfb7c300e4 method=java.lang.String.equals(Ljava/lang/Object;)Z @ 8 c2
Event: 7.153 Thread 0x000001dfc92bf000 DEOPT PACKING pc=0x000001dfb7c300e4 sp=0x0000001a44cfc000
Event: 7.153 Thread 0x000001dfc92bf000 DEOPT UNPACKING pc=0x000001dfb01678af sp=0x0000001a44cfbfa8 mode 2

Classes redefined (0 events):
No events

Internal exceptions (20 events):
Event: 5.967 Thread 0x000001dfc92bf000 Exception <a 'java/lang/ClassNotFoundException'{0x000000008c6a6540}: org/gradle/api/internal/artifacts/dsl/dependencies/DefaultDependencyHandlerCustomizer> (0x000000008c6a6540) thrown at [./src/hotspot/share/classfile/systemDictionary.cpp, line 231]
Event: 5.970 Thread 0x000001dfc92bf000 Exception <a 'java/lang/ClassNotFoundException'{0x000000008c6f5eb0}: org/gradle/api/internal/artifacts/dsl/dependencies/DefaultDependencyHandler_DecoratedCustomizer> (0x000000008c6f5eb0) thrown at [./src/hotspot/share/classfile/systemDictionary.cpp, line 231]
Event: 6.272 Thread 0x000001dfc92bf000 Exception <a 'java/lang/NoSuchMethodError'{0x000000008b5ed398}: 'int java.lang.invoke.DirectMethodHandle$Holder.invokeInterface(java.lang.Object, java.lang.Object)'> (0x000000008b5ed398) thrown at [./src/hotspot/share/interpreter/linkResolver.cpp, line 773]
Event: 6.272 Thread 0x000001dfc92bf000 Exception <a 'java/lang/IncompatibleClassChangeError'{0x000000008b5f0bd0}: Found class java.lang.Object, but interface was expected> (0x000000008b5f0bd0) thrown at [./src/hotspot/share/interpreter/linkResolver.cpp, line 839]
Event: 6.309 Thread 0x000001dfc92bf000 Exception <a 'java/lang/NoSuchMethodError'{0x000000008b3caf40}: 'java.lang.Object java.lang.invoke.DirectMethodHandle$Holder.invokeStatic(java.lang.Object, java.lang.Object, java.lang.Object, int)'> (0x000000008b3caf40) thrown at [./src/hotspot/share/interpreter/linkResolver.cpp, line 773]
Event: 6.309 Thread 0x000001dfc92bf000 Exception <a 'java/lang/NoSuchMethodError'{0x000000008b3cf558}: 'java.lang.Object java.lang.invoke.DirectMethodHandle$Holder.invokeSpecial(java.lang.Object, java.lang.Object, java.lang.Object, java.lang.Object, int)'> (0x000000008b3cf558) thrown at [./src/hotspot/share/interpreter/linkResolver.cpp, line 773]
Event: 6.309 Thread 0x000001dfc92bf000 Exception <a 'java/lang/NoSuchMethodError'{0x000000008b3d3490}: 'java.lang.Object java.lang.invoke.Invokers$Holder.linkToTargetMethod(java.lang.Object, java.lang.Object, int, java.lang.Object)'> (0x000000008b3d3490) thrown at [./src/hotspot/share/interpreter/linkResolver.cpp, line 773]
Event: 6.401 Thread 0x000001dfc92bf000 Exception <a 'java/lang/NoSuchMethodError'{0x000000008ad0a2e0}: 'int java.lang.invoke.DirectMethodHandle$Holder.invokeStaticInit(java.lang.Object)'> (0x000000008ad0a2e0) thrown at [./src/hotspot/share/interpreter/linkResolver.cpp, line 773]
Event: 7.067 Thread 0x000001dfc92bf000 Exception <a 'java/lang/NoSuchMethodError'{0x000000008a58e808}: 'void java.lang.invoke.DirectMethodHandle$Holder.invokeStatic(java.lang.Object, java.lang.Object, java.lang.Object, int, java.lang.Object)'> (0x000000008a58e808) thrown at [./src/hotspot/share/interpreter/linkResolver.cpp, line 773]
Event: 7.117 Thread 0x000001dfc92bf000 Exception <a 'java/lang/OutOfMemoryError'{0x000000008a253bd8}: unable to create native thread: possibly out of memory or process/resource limits reached> (0x000000008a253bd8) thrown at [./src/hotspot/share/prims/jvm.cpp, line 2924]
Event: 7.119 Thread 0x000001dfc92bf000 Exception <a 'java/lang/NoSuchMethodError'{0x000000008a271488}: 'long java.lang.invoke.DirectMethodHandle$Holder.invokeVirtual(java.lang.Object, java.lang.Object)'> (0x000000008a271488) thrown at [./src/hotspot/share/interpreter/linkResolver.cpp, line 773]
Event: 7.125 Thread 0x000001dfc8fe3000 Exception <a 'java/lang/NoSuchMethodError'{0x000000008a102e58}: <clinit>> (0x000000008a102e58) thrown at [./src/hotspot/share/prims/jni.cpp, line 1362]
Event: 7.128 Thread 0x000001dfc8fe3000 Exception <a 'java/lang/NoSuchMethodError'{0x000000008a120bb0}: <clinit>> (0x000000008a120bb0) thrown at [./src/hotspot/share/prims/jni.cpp, line 1362]
Event: 7.128 Thread 0x000001dfc8fe3000 Exception <a 'java/lang/NoSuchMethodError'{0x000000008a121e10}: <clinit>> (0x000000008a121e10) thrown at [./src/hotspot/share/prims/jni.cpp, line 1362]
Event: 7.129 Thread 0x000001dfc8fe3000 Exception <a 'java/lang/NoSuchMethodError'{0x000000008a123118}: <clinit>> (0x000000008a123118) thrown at [./src/hotspot/share/prims/jni.cpp, line 1362]
Event: 7.129 Thread 0x000001dfc8fe3000 Exception <a 'java/lang/NoSuchMethodError'{0x000000008a124138}: <clinit>> (0x000000008a124138) thrown at [./src/hotspot/share/prims/jni.cpp, line 1362]
Event: 7.130 Thread 0x000001dfc8fe3000 Exception <a 'java/lang/NoSuchMethodError'{0x000000008a12de60}: <clinit>> (0x000000008a12de60) thrown at [./src/hotspot/share/prims/jni.cpp, line 1362]
Event: 7.130 Thread 0x000001dfc8fe3000 Exception <a 'java/lang/NoSuchMethodError'{0x000000008a138078}: <clinit>> (0x000000008a138078) thrown at [./src/hotspot/share/prims/jni.cpp, line 1362]
Event: 7.133 Thread 0x000001dfc8fe3000 Exception <a 'java/lang/NoSuchMethodError'{0x000000008a1cb9c8}: <clinit>> (0x000000008a1cb9c8) thrown at [./src/hotspot/share/prims/jni.cpp, line 1362]
Event: 7.135 Thread 0x000001dfc8fe3000 Exception <a 'java/lang/NoSuchMethodError'{0x000000008a1e6180}: <clinit>> (0x000000008a1e6180) thrown at [./src/hotspot/share/prims/jni.cpp, line 1362]

Events (20 events):
Event: 7.147 loading class org/gradle/internal/serialize/ExceptionPlaceholder$1 done
Event: 7.147 loading class org/gradle/tooling/internal/provider/serialization/DefaultPayloadClassLoaderRegistry$ClassLoaderSpecVisitor
Event: 7.147 loading class org/gradle/tooling/internal/provider/serialization/DefaultPayloadClassLoaderRegistry$ClassLoaderSpecVisitor done
Event: 7.148 loading class java/lang/Short$ShortCache
Event: 7.148 loading class java/lang/Short$ShortCache done
Event: 7.150 loading class java/util/AbstractList$ListItr
Event: 7.150 loading class java/util/AbstractList$ListItr done
Event: 7.151 Executing VM operation: Deoptimize
Event: 7.151 Executing VM operation: Deoptimize done
Event: 7.151 loading class org/gradle/internal/serialize/CausePlaceholder
Event: 7.151 loading class org/gradle/internal/serialize/CausePlaceholder done
Event: 7.155 Executing VM operation: BulkRevokeBias
Event: 7.156 Executing VM operation: BulkRevokeBias done
Event: 7.156 Thread 0x000001dfc9426000 Thread added: 0x000001dfc9426000
Event: 7.158 loading class java/util/Collections$EmptyListIterator
Event: 7.158 loading class java/util/Collections$EmptyListIterator done
Event: 7.169 loading class org/gradle/tooling/internal/provider/serialization/SerializedPayload
Event: 7.169 loading class org/gradle/tooling/internal/provider/serialization/SerializedPayload done
Event: 7.170 loading class org/gradle/launcher/exec/BuildActionResult
Event: 7.170 loading class org/gradle/launcher/exec/BuildActionResult done


Dynamic libraries:
0x00007ff70a690000 - 0x00007ff70a69a000 	C:\Program Files\Android\Android Studio1\jre\bin\java.exe
0x00007ffec75b0000 - 0x00007ffec77a5000 	C:\WINDOWS\SYSTEM32\ntdll.dll
0x00007ffec67b0000 - 0x00007ffec686e000 	C:\WINDOWS\System32\KERNEL32.DLL
0x00007ffec4fe0000 - 0x00007ffec52a9000 	C:\WINDOWS\System32\KERNELBASE.dll
0x00007ffec21f0000 - 0x00007ffec2280000 	C:\WINDOWS\SYSTEM32\apphelp.dll
0x00007ffec4d70000 - 0x00007ffec4e70000 	C:\WINDOWS\System32\ucrtbase.dll
0x00007ffebcde0000 - 0x00007ffebcdf9000 	C:\Program Files\Android\Android Studio1\jre\bin\jli.dll
0x00007ffec5db0000 - 0x00007ffec5f51000 	C:\WINDOWS\System32\USER32.dll
0x00007ffebb790000 - 0x00007ffebb7a7000 	C:\Program Files\Android\Android Studio1\jre\bin\VCRUNTIME140.dll
0x00007ffec54c0000 - 0x00007ffec54e2000 	C:\WINDOWS\System32\win32u.dll
0x00007ffeb9050000 - 0x00007ffeb92ea000 	C:\WINDOWS\WinSxS\amd64_microsoft.windows.common-controls_6595b64144ccf1df_6.0.19041.1110_none_60b5254171f9507e\COMCTL32.dll
0x00007ffec6950000 - 0x00007ffec697b000 	C:\WINDOWS\System32\GDI32.dll
0x00007ffec72f0000 - 0x00007ffec738e000 	C:\WINDOWS\System32\msvcrt.dll
0x00007ffec54f0000 - 0x00007ffec55fb000 	C:\WINDOWS\System32\gdi32full.dll
0x00007ffec4cd0000 - 0x00007ffec4d6d000 	C:\WINDOWS\System32\msvcp_win.dll
0x00007ffec5600000 - 0x00007ffec5630000 	C:\WINDOWS\System32\IMM32.DLL
0x00007ffe792b0000 - 0x00007ffe7934d000 	C:\Program Files\Android\Android Studio1\jre\bin\msvcp140.dll
0x00007ffe61100000 - 0x00007ffe61bcf000 	C:\Program Files\Android\Android Studio1\jre\bin\server\jvm.dll
0x00007ffec7390000 - 0x00007ffec743c000 	C:\WINDOWS\System32\ADVAPI32.dll
0x00007ffec59b0000 - 0x00007ffec5a4b000 	C:\WINDOWS\System32\sechost.dll
0x00007ffec7440000 - 0x00007ffec756a000 	C:\WINDOWS\System32\RPCRT4.dll
0x00007ffec7120000 - 0x00007ffec7128000 	C:\WINDOWS\System32\PSAPI.DLL
0x00007ffec2c80000 - 0x00007ffec2c89000 	C:\WINDOWS\SYSTEM32\WSOCK32.dll
0x00007ffebe860000 - 0x00007ffebe86a000 	C:\WINDOWS\SYSTEM32\VERSION.dll
0x00007ffebb130000 - 0x00007ffebb157000 	C:\WINDOWS\SYSTEM32\WINMM.dll
0x00007ffec6030000 - 0x00007ffec609b000 	C:\WINDOWS\System32\ws2_32.DLL
0x00007ffec3530000 - 0x00007ffec3542000 	C:\WINDOWS\SYSTEM32\kernel.appcore.dll
0x00007ffeb46d0000 - 0x00007ffeb46e1000 	C:\Program Files\Android\Android Studio1\jre\bin\verify.dll
0x00007ffec2a70000 - 0x00007ffec2c54000 	C:\WINDOWS\SYSTEM32\DBGHELP.DLL
0x00007ffebcc10000 - 0x00007ffebcc3c000 	C:\WINDOWS\SYSTEM32\dbgcore.DLL
0x00007ffec4e70000 - 0x00007ffec4ef3000 	C:\WINDOWS\System32\bcryptPrimitives.dll
0x00007ffeb46a0000 - 0x00007ffeb46c9000 	C:\Program Files\Android\Android Studio1\jre\bin\java.dll
0x00007ffebe320000 - 0x00007ffebe32b000 	C:\Program Files\Android\Android Studio1\jre\bin\jimage.dll
0x00007ffeb45d0000 - 0x00007ffeb45e8000 	C:\Program Files\Android\Android Studio1\jre\bin\zip.dll
0x00007ffec6980000 - 0x00007ffec70bf000 	C:\WINDOWS\System32\SHELL32.dll
0x00007ffec2c90000 - 0x00007ffec3420000 	C:\WINDOWS\SYSTEM32\windows.storage.dll
0x00007ffec5a50000 - 0x00007ffec5da5000 	C:\WINDOWS\System32\combase.dll
0x00007ffec4720000 - 0x00007ffec474c000 	C:\WINDOWS\SYSTEM32\Wldp.dll
0x00007ffec6670000 - 0x00007ffec671e000 	C:\WINDOWS\System32\SHCORE.dll
0x00007ffec70c0000 - 0x00007ffec7115000 	C:\WINDOWS\System32\shlwapi.dll
0x00007ffec4c10000 - 0x00007ffec4c2f000 	C:\WINDOWS\SYSTEM32\profapi.dll
0x00007ffeb45b0000 - 0x00007ffeb45ca000 	C:\Program Files\Android\Android Studio1\jre\bin\net.dll
0x00007ffeb9960000 - 0x00007ffeb9a68000 	C:\WINDOWS\SYSTEM32\WINHTTP.dll
0x00007ffec4480000 - 0x00007ffec44ea000 	C:\WINDOWS\system32\mswsock.dll
0x00007ffe9bf50000 - 0x00007ffe9bf64000 	C:\Program Files\Android\Android Studio1\jre\bin\nio.dll
0x00007ffebb7b0000 - 0x00007ffebb7d7000 	C:\Users\vasco\.gradle\native\f6784746aeab05261644944871eae4fe03e0ef1612fff0a4a95f87b438bc6780\windows-amd64\native-platform.dll
0x00007ffeb4690000 - 0x00007ffeb469a000 	C:\Program Files\Android\Android Studio1\jre\bin\management.dll
0x00007ffeb45a0000 - 0x00007ffeb45ac000 	C:\Program Files\Android\Android Studio1\jre\bin\management_ext.dll
0x00007ffec4670000 - 0x00007ffec4688000 	C:\WINDOWS\SYSTEM32\CRYPTSP.dll
0x00007ffec3d90000 - 0x00007ffec3dc4000 	C:\WINDOWS\system32\rsaenh.dll
0x00007ffec4f60000 - 0x00007ffec4f87000 	C:\WINDOWS\System32\bcrypt.dll
0x00007ffec4b90000 - 0x00007ffec4bbe000 	C:\WINDOWS\SYSTEM32\USERENV.dll
0x00007ffec4690000 - 0x00007ffec469c000 	C:\WINDOWS\SYSTEM32\CRYPTBASE.dll
0x00007ffec4120000 - 0x00007ffec415b000 	C:\WINDOWS\SYSTEM32\IPHLPAPI.DLL
0x00007ffec7130000 - 0x00007ffec7138000 	C:\WINDOWS\System32\NSI.dll
0x00007ffebd0f0000 - 0x00007ffebd107000 	C:\WINDOWS\SYSTEM32\dhcpcsvc6.DLL
0x00007ffebe700000 - 0x00007ffebe71d000 	C:\WINDOWS\SYSTEM32\dhcpcsvc.DLL
0x00007ffec4210000 - 0x00007ffec42dc000 	C:\WINDOWS\SYSTEM32\DNSAPI.dll
0x00007ffebe850000 - 0x00007ffebe85b000 	C:\WINDOWS\SYSTEM32\WINNSI.DLL

dbghelp: loaded successfully - version: 4.0.5 - missing functions: none
symbol engine: initialized successfully - sym options: 0x614 - pdb path: .;C:\Program Files\Android\Android Studio1\jre\bin;C:\WINDOWS\SYSTEM32;C:\WINDOWS\WinSxS\amd64_microsoft.windows.common-controls_6595b64144ccf1df_6.0.19041.1110_none_60b5254171f9507e;C:\Program Files\Android\Android Studio1\jre\bin\server;C:\Users\vasco\.gradle\native\f6784746aeab05261644944871eae4fe03e0ef1612fff0a4a95f87b438bc6780\windows-amd64

VM Arguments:
jvm_args: --add-opens=java.base/java.util=ALL-UNNAMED --add-opens=java.base/java.lang=ALL-UNNAMED --add-opens=java.base/java.lang.invoke=ALL-UNNAMED --add-opens=java.prefs/java.util.prefs=ALL-UNNAMED -Xmx2048m -Dfile.encoding=UTF-8 -Duser.country=PT -Duser.language=pt -Duser.variant 
java_command: org.gradle.launcher.daemon.bootstrap.GradleDaemon 6.5
java_class_path (initial): C:\Users\vasco\.gradle\wrapper\dists\gradle-6.5-bin\6nifqtx7604sqp1q6g8wikw7p\gradle-6.5\lib\gradle-launcher-6.5.jar
Launcher Type: SUN_STANDARD

[Global flags]
     intx CICompilerCount                          = 4                                         {product} {ergonomic}
     uint ConcGCThreads                            = 2                                         {product} {ergonomic}
     uint G1ConcRefinementThreads                  = 8                                         {product} {ergonomic}
   size_t G1HeapRegionSize                         = 1048576                                   {product} {ergonomic}
    uintx GCDrainStackTargetSize                   = 64                                        {product} {ergonomic}
   size_t InitialHeapSize                          = 268435456                                 {product} {ergonomic}
   size_t MarkStackSize                            = 4194304                                   {product} {ergonomic}
   size_t MaxHeapSize                              = 2147483648                                {product} {command line}
   size_t MaxNewSize                               = 1287651328                                {product} {ergonomic}
   size_t MinHeapDeltaBytes                        = 1048576                                   {product} {ergonomic}
    uintx NonNMethodCodeHeapSize                   = 5836300                                {pd product} {ergonomic}
    uintx NonProfiledCodeHeapSize                  = 122910970                              {pd product} {ergonomic}
    uintx ProfiledCodeHeapSize                     = 122910970                              {pd product} {ergonomic}
    uintx ReservedCodeCacheSize                    = 251658240                              {pd product} {ergonomic}
     bool SegmentedCodeCache                       = true                                      {product} {ergonomic}
     bool UseCompressedClassPointers               = true                                 {lp64_product} {ergonomic}
     bool UseCompressedOops                        = true                                 {lp64_product} {ergonomic}
     bool UseG1GC                                  = true                                      {product} {ergonomic}
     bool UseLargePagesIndividualAllocation        = false                                  {pd product} {ergonomic}

Logging:
Log output configuration:
 #0: stdout all=warning uptime,level,tags
 #1: stderr all=off uptime,level,tags

Environment Variables:
CLASSPATH=C:\Mplwin\50\bin\win64\Optimax.jar
PATH=C:\Program Files\AdoptOpenJDK\jdk-8.0.265.01-hotspot\bin;C:\Program Files (x86)\Common Files\Oracle\Java\javapath;C:\Program Files (x86)\Intel\iCLS Client\;C:\Program Files\Intel\iCLS Client\;C:\windows\system32;C:\windows;C:\windows\System32\Wbem;C:\windows\System32\WindowsPowerShell\v1.0\;C:\Program Files (x86)\Intel\Intel(R) Management Engine Components\DAL;C:\Program Files\Intel\Intel(R) Management Engine Components\DAL;C:\Program Files (x86)\Intel\Intel(R) Management Engine Components\IPT;C:\Program Files\Intel\Intel(R) Management Engine Components\IPT;C:\WINDOWS\system32;C:\WINDOWS;C:\WINDOWS\System32\Wbem;C:\WINDOWS\System32\WindowsPowerShell\v1.0\;C:\WINDOWS\System32\OpenSSH\;C:\Program Files (x86)\Brackets\command;C:\Program Files (x86)\NVIDIA Corporation\PhysX\Common;C:\Program Files\dotnet\;C:\php;C:\ProgramData\ComposerSetup\bin;C:\Program Files\Intel\WiFi\bin\;C:\Program Files\Common Files\Intel\WirelessCommon\;C:\Program Files\PuTTY\;C:\WINDOWS\system32;C:\WINDOWS;C:\WINDOWS\System32\Wbem;C:\WINDOWS\System32\WindowsPowerShell\v1.0\;C:\WINDOWS\System32\OpenSSH\;C:\Program Files\Git\cmd;C:\Program Files\Microsoft SQL Server\Client SDK\ODBC\170\Tools\Binn\;C:\Users\vasco\Desktop\Estagio_Stuff\Symfony;C:\Program Files\Azure Data Studio\bin;C:\Program Files (x86)\Microsoft SQL Server\150\Tools\Binn\;C:\Program Files\Microsoft SQL Server\150\Tools\Binn\;C:\Program Files\Microsoft SQL Server\150\DTS\Binn\;C:\Program Files (x86)\Microsoft SQL Server\150\DTS\Binn\;C:\Mplwin\50\bin\win64\;C:\Program Files\Graphviz\bin;C:\Users\vasco\.cargo\bin;C:\Users\vasco\AppData\Local\Microsoft\WindowsApps;C:\Users\vasco\AppData\Roaming\Composer\vendor\bin;C:\Users\vasco\AppData\Local\GitHubDesktop\bin;C:\Users\vasco\AppData\Local\Microsoft\WindowsApps;;C:\Users\vasco\AppData\Local\Programs\Microsoft VS Code\bin;C:\Program Files (x86)\Atmel\Flip 3.4.7\bin;C:\Program Files\Azure Data Studio\bin;C:\Program Files\JetBrains\PhpStorm 2021.2.2\bin;
USERNAME=vasco
OS=Windows_NT
PROCESSOR_IDENTIFIER=Intel64 Family 6 Model 94 Stepping 3, GenuineIntel



---------------  S Y S T E M  ---------------

OS: Windows 10 , 64 bit Build 19041 (10.0.19041.1202)
OS uptime: 27 days 14:58 hours

CPU:total 8 (initial active 8) (4 cores per cpu, 2 threads per core) family 6 model 94 stepping 3 microcode 0xdc, cmov, cx8, fxsr, mmx, sse, sse2, sse3, ssse3, sse4.1, sse4.2, popcnt, avx, avx2, aes, clmul, erms, rtm, 3dnowpref, lzcnt, ht, tsc, tscinvbit, bmi1, bmi2, adx, fma

Memory: 4k page, system-wide physical 16273M (3389M free)
TotalPageFile size 65425M (AvailPageFile size 0M)
current process WorkingSet (physical memory assigned to process): 278M, peak: 278M
current process commit charge ("private bytes"): 456M, peak: 462M

vm_info: OpenJDK 64-Bit Server VM (11.0.10+0-b96-7249189) for windows-amd64 JRE (11.0.10+0-b96-7249189), built on Mar 31 2021 21:44:00 by "builder" with MS VC++ 14.0 (VS2015)

END.
